                <test_message program="ossec_archive">2015 Nov 03 19:57:02 (SERVER01) 10.1.1.1->WinEvtLog 2015 Nov 03 20:56:59 WinEvtLog: Security: AUDIT_SUCCESS(4648): Microsoft-Windows-Security-Auditing: (no user): no domain: SERVER01.contoso.com: A logon was attempted using explicit credentials. Subject:  Security ID:  S-1-5-18  Account Name:  SERVER01$  Account Domain:  CONTOSO  Logon ID:  0x3e7  Logon GUID:  {00000000-0000-0000-0000-000000000000}  Account Whose Credentials Were Used:  Account Name:  user01  Account Domain:  CONTOSO  Logon GUID:  {00000000-0000-0000-0000-000000000000}  Target Server:  Target Server Name: localhost  Additional Information: localhost  Process Information:  Process ID:  0x228  Process Name:  C:\\Windows\\System32\\lsass.exe  Network Information:  Network Address: 192.168.1.1  Port:   58643  This event is generated when a process attempts to log on an account by explicitly specifying that account’s credentials.  This most commonly occurs in batch-type configurations such as scheduled tasks, or when using the RUNAS command.</test_message>
                <!-- Event ID-->
                <test_value name="i0">4648</test_value>
                <!-- hostname-->
                <test_value name="s0">SERVER01.contoso.com</test_value>
                <!-- user-->
                <test_value name="s1">user01</test_value>
                <!-- image-->
                <test_value name="s2">C:\\Windows\\System32\\lsass.exe</test_value>
                <!-- Src IP-->
                <test_value name="i1">192.168.1.1</test_value>
            </example>
        </examples>
    </rule>
    </rules>
</ruleset>


<!-- v. 9/23/2016 --- Brian Kellogg -->
<ruleset name="WINDOWS" id='4'>
<pattern>ossec_archive</pattern>
<rules>
    <rule provider="ELSA" class='4' id='4'>
        <patterns>
            <!-- 4776s -->
            <pattern>@NUMBER::@@ESTRING::) @@IPv4::->@@ESTRING::(@@ESTRING:i0:): @@ESTRING:: The domain controller attempted to validate the credentials for an account.@@ESTRING::Logon Account: @@ESTRING:s1: Source Workstation: @@ESTRING:s0: Error@</pattern>
            
            <!-- 4740s -->
            <pattern>@NUMBER::@@ESTRING::) @@IPv4::->@@ESTRING::(@@ESTRING:i0:): @@ESTRING::A user account was locked out.@@ESTRING::Account Domain:  @@ESTRING:s2:  @@ESTRING::Account That Was Locked Out: @@ESTRING::Account Name:  @@ESTRING:s1:  @@ESTRING::Caller Computer Name: @@ESTRING:s0:@</pattern>
            <pattern>@NUMBER::@@ESTRING::) @@IPv4::->@@ESTRING::(@@ESTRING:i0:): @@ESTRING:::@@ESTRING:::@@ESTRING::: @@ESTRING:s0:: @@ESTRING::A user account was locked out.@@ESTRING::Account Domain:  @@ESTRING:s2:  @@ESTRING::Account That Was Locked Out: @@ESTRING::Account Name:  @@ESTRING:s1:  @</pattern>

            <!-- 4624s -->
            <pattern>@NUMBER::@@ESTRING::) @@IPv4::->@@ESTRING::(@@ESTRING:i0:): @@ESTRING:::@@ESTRING:::@@ESTRING::: @@ESTRING:s0:: @An account was successfully logged on. @ESTRING::Account Name:@@ESTRING::Account Name:  @@ESTRING:s1:  Account Domain:  @@ESTRING:s2:  Logon ID:@@ESTRING::Source Network Address: @@IPv4:i1: Source Port:@</pattern>
            <pattern>@NUMBER::@@ESTRING::) @@IPv4::->@@ESTRING::(@@ESTRING:i0:): @@ESTRING:::@@ESTRING:::@@ESTRING::: @@ESTRING:s0:: @An account was successfully logged on. @ESTRING::Account Name:@@ESTRING::Account Name:  @@ESTRING:s1:  Account Domain:  @@ESTRING:s2:  Logon ID:@</pattern>

            <!-- 4625s -->
            <pattern>@NUMBER::@@ESTRING::) @@IPv4::->@@ESTRING::(@@ESTRING:i0:): @@ESTRING:::@@ESTRING:::@@ESTRING::: @@ESTRING:s0:: @An account failed to log on. @ESTRING::Account Name:@@ESTRING::Account Name:  @@ESTRING:s1:  Account Domain:  @@ESTRING:s2:  Failure@@ESTRING::Source Network Address: @@IPv4:i1: Source Port:@</pattern>
            <pattern>@NUMBER::@@ESTRING::) @@IPv4::->@@ESTRING::(@@ESTRING:i0:): @@ESTRING:::@@ESTRING:::@@ESTRING::: @@ESTRING:s0:: @An account failed to log on. @ESTRING::Account Name:@@ESTRING::Account Name:  @@ESTRING:s1:  Account Domain:  @@ESTRING:s2:  Failure@</pattern>

            <!-- 4768s -->
            <pattern>@NUMBER::@@ESTRING::) @@IPv4::->@@ESTRING::(@@ESTRING:i0:): @@ESTRING:::@@ESTRING:::@@ESTRING::: @@ESTRING:s0:: @A Kerberos authentication ticket (TGT) was requested. @ESTRING::Account Name:  @@ESTRING:s1:  Supplied Realm Name: @@ESTRING:s2:  @@ESTRING::ffff:@@IPv4:i1: @</pattern>
            <pattern>@NUMBER::@@ESTRING::) @@IPv4::->@@ESTRING::(@@ESTRING:i0:): @@ESTRING:::@@ESTRING:::@@ESTRING::: @@ESTRING:s0:: @A Kerberos authentication ticket (TGT) was requested. @ESTRING::Account Name:  @@ESTRING:s1:  Supplied Realm Name: @@ESTRING:s2:  @</pattern>

            <!-- 4771s -->
            <pattern>@NUMBER::@@ESTRING::) @@IPv4::->@@ESTRING::(@@ESTRING:i0:): @@ESTRING:::@@ESTRING:::@@ESTRING::: @@ESTRING:s0:: @Kerberos pre-authentication failed.@ESTRING::Account Name:  @@ESTRING:s1:  Service Information: @@ESTRING::ffff:@@IPv4:i1: @</pattern>
            <pattern>@NUMBER::@@ESTRING::) @@IPv4::->@@ESTRING::(@@ESTRING:i0:): @@ESTRING:::@@ESTRING:::@@ESTRING::: @@ESTRING:s0:: @Kerberos pre-authentication failed.@ESTRING::Account Name:  @@ESTRING:s1:  Service Information: @</pattern>

            <!-- 4770s -->
            <pattern>@NUMBER::@@ESTRING::) @@IPv4::->@@ESTRING::(@@ESTRING:i0:): @@ESTRING:::@@ESTRING:::@@ESTRING::: @@ESTRING:s0:: @A Kerberos service ticket was renewed.@ESTRING::Account Name:  @@ESTRING:s1:  Account Domain:  @@ESTRING:s2:  Service Information: @@ESTRING::ffff:@@IPv4:i1: @</pattern>
            <pattern>@NUMBER::@@ESTRING::) @@IPv4::->@@ESTRING::(@@ESTRING:i0:): @@ESTRING:::@@ESTRING:::@@ESTRING::: @@ESTRING:s0:: @A Kerberos service ticket was renewed.@ESTRING::Account Name:  @@ESTRING:s1:  Account Domain:  @@ESTRING:s2:  Service Information: @@ESTRING::Client Address:  @@IPv4:i1: @</pattern>
            <pattern>@NUMBER::@@ESTRING::) @@IPv4::->@@ESTRING::(@@ESTRING:i0:): @@ESTRING:::@@ESTRING:::@@ESTRING::: @@ESTRING:s0:: @A Kerberos service ticket was renewed.@ESTRING::Account Name:  @@ESTRING:s1:  Account Domain:  @@ESTRING:s2:  Service Information: @</pattern>

            <!-- 4742s -->
            <pattern>@NUMBER::@@ESTRING::) @@IPv4::->@@ESTRING::(@@ESTRING:i0:): @@ESTRING:::@@ESTRING:::@@ESTRING::: @@ESTRING:s0:: @A computer account was changed.@ESTRING::Account Name:  @@ESTRING:s1:  Account Domain:  @@ESTRING:s2:  Logon@</pattern>

            <!-- 4738s -->
            <pattern>@NUMBER::@@ESTRING::) @@IPv4::->@@ESTRING::(@@ESTRING:i0:): @@ESTRING:::@@ESTRING:::@@ESTRING::: @@ESTRING:s0:: @A user account was changed.@ESTRING::Account Name:@@ESTRING::Account Name:  @@ESTRING:s1:  Account Domain:  @@ESTRING:s2:  Changed Attributes: @</pattern>

            <!-- 5145s some contained IPv4 and others contained IPv6 source IPs -->
            <pattern>@NUMBER::@@ESTRING::) @@IPv4::->@@ESTRING::(@@ESTRING:i0:): @@ESTRING:::@@ESTRING:::@@ESTRING::: @@ESTRING:s0:: @@ESTRING:: @@ESTRING:s1: @@ESTRING:s2: @@ESTRING:: @File @IPv4:i1:@@ESTRING:: @@ESTRING:: @@ESTRING:s3: @@ESTRING:s4: 0x@</pattern>
            <pattern>@NUMBER::@@ESTRING::) @@IPv4::->@@ESTRING::(@@ESTRING:i0:): @@ESTRING:::@@ESTRING:::@@ESTRING::: @@ESTRING:s0:: @@ESTRING:: @@ESTRING:s1: @@ESTRING:s2: @@ESTRING:: @File @ESTRING:: @@ESTRING:: @@ESTRING:s3: @@ESTRING:s4: 0x@</pattern>

            <!-- 4648s -->
            <pattern>@NUMBER::@@ESTRING::) @@IPv4::->@@ESTRING::(@@ESTRING:i0:): @@ESTRING:::@@ESTRING:::@@ESTRING::: @@ESTRING:s0:: @A logon was attempted using explicit credentials.@ESTRING:: Account Whose Credentials Were Used:  Account Name:  @@ESTRING:s1:  Account Domain:  @@ESTRING:s2:  @@ESTRING:: Network Address: @@IPv4:i1: @</pattern>
            <pattern>@NUMBER::@@ESTRING::) @@IPv4::->@@ESTRING::(@@ESTRING:i0:): @@ESTRING:::@@ESTRING:::@@ESTRING::: @@ESTRING:s0:: @A logon was attempted using explicit credentials.@ESTRING:: Account Whose Credentials Were Used:  Account Name:  @@ESTRING:s1:  Account Domain:  @@ESTRING:s2:  @</pattern>

            <!-- 18453s and 18454s -->
            <pattern>@NUMBER::@@ESTRING::) @@IPv4::->@@ESTRING::(@@ESTRING:i0:): @@ESTRING:::@@ESTRING:::@@ESTRING::: @@ESTRING:s0:: @@ESTRING::Login succeeded for user '@@ESTRING:s2:\\@@ESTRING:s1:'. @@ESTRING::CLIENT: @@IPv4:i1:]@</pattern>
            <pattern>@NUMBER::@@ESTRING::) @@IPv4::->@@ESTRING::(@@ESTRING:i0:): @@ESTRING:::@@ESTRING:::@@ESTRING::: @@ESTRING:s0:: @@ESTRING::Login succeeded for user '@@ESTRING:s2:\\@@ESTRING:s1:'. @</pattern>
            <pattern>@NUMBER::@@ESTRING::) @@IPv4::->@@ESTRING::(@@ESTRING:i0:): @@ESTRING:::@@ESTRING:::@@ESTRING::: @@ESTRING:s0:: @@ESTRING::Login succeeded for user '@@ESTRING:s1:'. @@ESTRING::CLIENT: @@IPv4:i1:]@</pattern>
            <pattern>@NUMBER::@@ESTRING::) @@IPv4::->@@ESTRING::(@@ESTRING:i0:): @@ESTRING:::@@ESTRING:::@@ESTRING::: @@ESTRING:s0:: @@ESTRING::Login succeeded for user '@@ESTRING:s1:'. @</pattern>

            <!-- 6278s -->
            <pattern>@NUMBER::@@ESTRING::) @@IPv4::->@@ESTRING::(@@ESTRING:i0:): @@ESTRING:::@@ESTRING:::@@ESTRING::: @@ESTRING:s0:: @Network Policy Server @ESTRING::\\@@ESTRING:s1:  Account Domain:   @@ESTRING:s2:  Fully@@ESTRING::Client IP Address:   @@IPv4:i1: @</pattern>
            <pattern>@NUMBER::@@ESTRING::) @@IPv4::->@@ESTRING::(@@ESTRING:i0:): @@ESTRING:::@@ESTRING:::@@ESTRING::: @@ESTRING:s0:: @Network Policy Server @ESTRING::Account Name:   @@ESTRING:s1:  Account Domain:   @@ESTRING:s2:  Fully@@ESTRING::Client IP Address:   @@IPv4:i1: @</pattern>

            <!-- generic patterns -->
            <!--  Sometimes pipes in Win2003 logs are in one spot and sometimes another -->
            <pattern>@NUMBER::@@ESTRING::) @@IPv4::->@@ESTRING::(@@ESTRING:i0:): @@ESTRING:::@@ESTRING:::@@ESTRING::: @@ESTRING:s0:: @@ESTRING::User Name: |@@ESTRING:s1:    |@@ESTRING::Domain: |@@ESTRING:s2:    |@@ESTRING::Source Network Address: @@IPv4:i1: @</pattern>
            <pattern>@NUMBER::@@ESTRING::) @@IPv4::->@@ESTRING::(@@ESTRING:i0:): @@ESTRING:::@@ESTRING:::@@ESTRING::: @@ESTRING:s0:: @@ESTRING::User Name: |@@ESTRING:s1:    |@@ESTRING::Domain: |@@ESTRING:s2:    |@@ESTRING::Client Address: |@@IPv4:i1: |@</pattern>
            <pattern>@NUMBER::@@ESTRING::) @@IPv4::->@@ESTRING::(@@ESTRING:i0:): @@ESTRING:::@@ESTRING:::@@ESTRING::: @@ESTRING:s0:: @@ESTRING::User Name: |@@ESTRING:s1:    |@@ESTRING::Domain: |@@ESTRING:s2:    |@</pattern>
            <pattern>@NUMBER::@@ESTRING::) @@IPv4::->@@ESTRING::(@@ESTRING:i0:): @@ESTRING:::@@ESTRING:::@@ESTRING::: @@ESTRING:s0:: @@ESTRING::User Name: @@ESTRING:s1:    |@@ESTRING::Domain: |@@ESTRING:s2:    |@@ESTRING::Source Network Address: @@IPv4:i1: @</pattern>
            <pattern>@NUMBER::@@ESTRING::) @@IPv4::->@@ESTRING::(@@ESTRING:i0:): @@ESTRING:::@@ESTRING:::@@ESTRING::: @@ESTRING:s0:: @@ESTRING::User Name: @@ESTRING:s1:    |@@ESTRING::Domain: |@@ESTRING:s2:    |@@ESTRING::Client Address: |@@IPv4:i1: |@</pattern>
            <pattern>@NUMBER::@@ESTRING::) @@IPv4::->@@ESTRING::(@@ESTRING:i0:): @@ESTRING:::@@ESTRING:::@@ESTRING::: @@ESTRING:s0:: @@ESTRING::User Name: @@ESTRING:s1:    |@@ESTRING::Domain: |@@ESTRING:s2:    |@</pattern>
            <pattern>@NUMBER::@@ESTRING::) @@IPv4::->@@ESTRING::(@@ESTRING:i0:): @@ESTRING:::@@ESTRING:::@@ESTRING::: @@ESTRING:s0:: @@ESTRING::Primary User Name: @@ESTRING:s1:    |@@ESTRING::Primary Domain: @@ESTRING:s2:    |@</pattern>

            <pattern>@NUMBER::@@ESTRING::) @@IPv4::->@@ESTRING::(@@ESTRING:i0:): @@ESTRING:::@@ESTRING:::@@ESTRING::: @@ESTRING:s0:: @@ESTRING::Account Name:  @@ESTRING:s1:  Account Domain:  @@ESTRING:s2:  Logon @@ESTRING::ffff:@@IPv4:i1: @</pattern>
            <pattern>@NUMBER::@@ESTRING::) @@IPv4::->@@ESTRING::(@@ESTRING:i0:): @@ESTRING:::@@ESTRING:::@@ESTRING::: @@ESTRING:s0:: @@ESTRING::Account Name:  @@ESTRING:s1:  Account Domain:  @@ESTRING:s2:  Logon@</pattern>

            <pattern>@NUMBER::@@ESTRING::) @@IPv4::->@@ESTRING::(@@ESTRING:i0:): @@ESTRING:::@@ESTRING:::@@ESTRING::: @@ESTRING:s0:: @@ESTRING::Source Network Address: @@IPv4:i1: @</pattern>
            <pattern>@NUMBER::@@ESTRING::) @@IPv4::->@@ESTRING::(@@ESTRING:i0:): @@ESTRING:::@@ESTRING:::@@ESTRING::: @@ESTRING:s0:: @@ESTRING::ffff:@@IPv4:i1: @</pattern>
            <pattern>@NUMBER::@@ESTRING::) @@IPv4::->@@ESTRING::(@@ESTRING:i0:): @@ESTRING:::@@ESTRING:::@@ESTRING::: @@ESTRING:s0:: @@ESTRING::Client Address: |@@IPv4:i1: @</pattern>
            <pattern>@NUMBER::@@ESTRING::) @@IPv4::->@@ESTRING::(@@ESTRING:i0:): @@ESTRING:::@@ESTRING:::@@ESTRING::: @@ESTRING:s0:: @@ESTRING::Client Address: @@IPv4:i1: @</pattern>
            <pattern>@NUMBER::@@ESTRING::) @@IPv4::->@@ESTRING::(@@ESTRING:i0:): @@ESTRING:::@@ESTRING:::@@ESTRING::: @@ESTRING:s0:: @@ESTRING::User Name: @@ESTRING:s1: |@@ESTRING::Domain: |@@ESTRING:s2: |@@ESTRING::Source Network Address: - @</pattern>
            <pattern>@NUMBER::@@ESTRING::) @@IPv4::->@@ESTRING::(@@ESTRING:i0:): @@ESTRING:::@@ESTRING:::@@ESTRING::: @@ESTRING:s0:: @@ESTRING::User Name: @@ESTRING:s1: |@@ESTRING::Domain: |@@ESTRING:s2: |Logon ID:@</pattern>

            <!-- pattern of last resort -->
            <pattern>@NUMBER::@@ESTRING::) @@IPv4::->@@ESTRING::(@@ESTRING:i0:): @@ESTRING:::@@ESTRING:::@@ESTRING::: @@ESTRING:s0:: @</pattern>
        </patterns>
        <examples>
            <example>
                <test_message program="ossec_archive">2015 Jul 10 06:29:11 (SERVER01) 10.1.2.3->WinEvtLog 2015 Jul 10 08:29:07 WinEvtLog: Security: AUDIT_SUCCESS(4740): Microsoft-Windows-Security-Auditing: (no user): no domain: server01.eu.d-rco.com: 0x8000000000000000    message: A user account was locked out.  Subject:  Security ID:  S-1-5-18  Account Name:  SERVER01$  Account Domain:  CONTOSO  Logon ID:  0x3e7  Account That Was Locked Out:  Security ID:  S-1-5-21-1202660629-2052111302-682003330-7883  Account Name:  bsmith  Additional Information:  Caller Computer Name: WORKSTATION01</test_message>
                <!-- Event ID -->
                <test_value name="i0">4740</test_value>
                <!-- User Domain -->
                <test_value name="s2">CONTOSO</test_value>
                <!-- User -->
                <test_value name="s1">bsmith</test_value>
                <!-- Source Name -->
                <test_value name="s0">WORKSTATION01</test_value>
            </example>
            <example>
                <test_message program="ossec_archive">2015 Jul 09 16:31:49 (SERVER01) 10.1.2.3->WinEvtLog 2015 Jul 09 11:31:48 WinEvtLog: Security: AUDIT_SUCCESS(576): Security: bsmith: CONTOSO: SERVER01: Special privileges assigned to new logon:    |User Name: bsmith    |Domain: |CONTOSO    |Logon ID: |(0x0,0x53140A55)    |Privileges: SeSecurityPrivilege  |||SeBackupPrivilege  |||SeRestorePrivilege  |||SeTakeOwnershipPrivilege  |||SeDebugPrivilege  |||SeSystemEnvironmentPrivilege  |||SeLoadDriverPrivilege  |||SeImpersonatePrivilege                                 </test_message>
                <!-- Event ID -->
                <test_value name="i0">576</test_value>
                <!-- Source Name -->
                <test_value name="s0">SERVER01</test_value>
                <!-- User -->
                <test_value name="s1">bsmith</test_value>
                <!-- User Domain -->
                <test_value name="s2">CONTOSO</test_value>
            </example>
            <example>
                <test_message program="ossec_archive">2015 Jul 09 16:31:38 (SERVER01) 10.1.2.3->WinEvtLog 2015 Jul 09 22:08:29 WinEvtLog: Security: AUDIT_SUCCESS(540): Security: bsmith: CONTOSO: SERVER01: Successful Network Logon:    |User Name: bsmith    |Domain: |CONTOSO    |Logon ID: |(0x0,0x2019C1A7)    |Logon Type: 3    |Logon Process: Kerberos    |Authentication Package: Kerberos    |Workstation Name:     |Logon GUID: {df727ffc-0e96-accd-6ea3-89a59e1e94d1}    |Caller User Name: -    |Caller Domain: -    |Caller Logon ID: -    |Caller Process ID: -    |Transited Services: -    |Source Network Address: 192.1.2.3    |Source Port: 64116        </test_message>
                <!-- Event ID -->
                <test_value name="i0">540</test_value>
                <!-- Source Name -->
                <test_value name="s0">SERVER01</test_value>
                <!-- User -->
                <test_value name="s1">bsmith</test_value>
                <!-- User Domain -->
                <test_value name="s2">CONTOSO</test_value>
                <!-- Source Network Address -->
                <test_value name="i1">192.1.2.3</test_value>
            </example>
            <example>
                <test_message program="ossec_archive">2015 Jul 09 20:35:29 (SERVER01) 10.1.2.3->WinEvtLog 2015 Jul 09 22:35:28 WinEvtLog: Security: AUDIT_SUCCESS(6278): Microsoft-Windows-Security-Auditing: (no user): no domain: SERVER01.contoso.com: Network Policy Server granted full access to a user because the host met the defined health policy. User:  Security ID:   S-1-5-21-1202633329-2052111302-682003330-42024  Account Name:   CONTOSO\\bsmith  Account Domain:   CONTOSO  Fully Qualified Account Name: CONTOSO\\bsmith  Client Machine:  Security ID:   S-1-0-0  Account Name:   -  Fully Qualified Account Name: -  OS-Version:   -  Called Station Identifier:  e05f.b9ab.84b0  Calling Station Identifier:  28b2.bcce.6306  NAS:  NAS IPv4 Address:  192.1.2.3  NAS IPv6 Address:  -  NAS Identifier:   WAP1  NAS Port-Type:   Wireless - IEEE 802.11  NAS Port:   414635  RADIUS Client:  Client Friendly Name:  WAP1  Client IP Address:   192.1.2.3  Authentication Details:  Proxy Policy Name:  Use Windows authentication for all users  Network Policy Name:  Wifi Validation  Authentication Provider:  Windows  Authentication Server:  SERVER01.contoso.com  Authentication Type:  PEAP  EAP Type:   Microsoft: Secured password (EAP-MSCHAP v2)  Account Session Identifier:  -  Quarantine Information:  Result:    Full Access  Extended-Result:   -  Session Identifier:   -  Help URL:   -  System Health Validator Result(s): - </test_message>
                <!-- Event ID -->
                <test_value name="i0">6278</test_value>
                <!-- Source Name -->
                <test_value name="s0">SERVER01.contoso.com</test_value>
                <!-- User -->
                <test_value name="s1">bsmith</test_value>
                <!-- User Domain -->
                <test_value name="s2">CONTOSO</test_value>
                <!-- Source Network Address -->
                <test_value name="i1">192.1.2.3</test_value>
            </example>
            <example>
                <test_message program="ossec_archive">2015 Jul 09 16:31:47 (SERVER01) 10.1.2.3->WinEvtLog 2015 Jul 09 12:31:43 WinEvtLog: Security: AUDIT_FAILURE(4625): Microsoft-Windows-Security-Auditing: (no user): no domain: SERVER01.contoso.com: An account failed to log on. Subject:  Security ID:  S-1-0-0  Account Name:  -  Account Domain:  -  Logon ID:  0x0  Logon Type:   3  Account For Which Logon Failed:  Security ID:  S-1-0-0  Account Name:  bsmith  Account Domain:  WRKSTATION01  Failure Information:  Failure Reason:  %%2313  Status:   0xc000006d  Sub Status:  0xc0000064  Process Information:  Caller Process ID: 0x0  Caller Process Name: -  Network Information:  Workstation Name: WRKSTATION01  Source Network Address: 192.1.2.3  Source Port:  55575  Detailed Authentication Information:  Logon Process:  NtLmSsp   Authentication Package: NTLM  Transited Services: -  Package Name (NTLM only): -  Key Length:  0  This event is generated when a logon request fails. It is generated on the computer where access was attempted.</test_message>
                <!-- Event ID -->
                <test_value name="i0">4625</test_value>
                <!-- Source Name -->
                <test_value name="s0">SERVER01.contoso.com</test_value>
                <!-- User -->
                <test_value name="s1">bsmith</test_value>
                <!-- User Domain -->
                <test_value name="s2">WRKSTATION01</test_value>
                <!-- Source Network Address -->
                <test_value name="i1">192.1.2.3</test_value>
            </example>
            <example>
                <test_message program="ossec_archive">2015 Jul 09 16:31:34 (SERVER01) 10.1.2.3->WinEvtLog 2015 Jul 09 12:31:34 WinEvtLog: Application: AUDIT_SUCCESS(18454): MSSQL$TEST: (no user): no domain: SERVER01.contoso.com: Login succeeded for user 'bsmith'. Connection made using SQL Server authentication. [CLIENT: 192.1.2.3]</test_message>
                <!-- Event ID -->
                <test_value name="i0">18454</test_value>
                <!-- Source Name -->
                <test_value name="s0">SERVER01.contoso.com</test_value>
                <!-- User -->
                <test_value name="s1">bsmith</test_value>
                <!-- Source IP -->
                <test_value name="i1">192.1.2.3</test_value>
            </example>
            <example>
                <test_message program="ossec_archive">2015 Jul 09 16:32:01 (DROLNW215VM) 10.1.2.3->WinEvtLog 2015 Jul 09 12:32:00 WinEvtLog: Application: AUDIT_SUCCESS(18453): MSSQL$TEST: cpcprogramadmin: CONTOSO: SERVER01.contoso.com: Login succeeded for user 'CONTOSO\\bsmith'. Connection made using Windows authentication. [CLIENT: 192.1.2.3]</test_message>
                <!-- Event ID -->
                <test_value name="i0">18453</test_value>
                <!-- Source Name -->
                <test_value name="s0">SERVER01.contoso.com</test_value>
                <!-- User Domain -->
                <test_value name="s2">CONTOSO</test_value>
                <!-- User -->
                <test_value name="s1">bsmith</test_value>
                <!-- Source IP -->
                <test_value name="i1">192.1.2.3</test_value>
            </example>
            <example>
                <test_message program="ossec_archive">2015 Jul 09 16:31:39 (SERVER01) 10.1.2.3->WinEvtLog 2015 Jul 09 12:31:34 WinEvtLog: Security: AUDIT_SUCCESS(4648): Microsoft-Windows-Security-Auditing: (no user): no domain: SERVER01.contoso.com: A logon was attempted using explicit credentials. Subject:  Security ID:  S-1-5-18  Account Name:  WORKSTATION01  Account Domain:  CONTOSO  Logon ID:  0x3e7  Logon GUID:  {00000000-0000-0000-0000-000000000000}  Account Whose Credentials Were Used:  Account Name:  bsmith  Account Domain:  CONTOSO  Logon GUID:  {00000000-0000-0000-0000-000000000000}  Target Server:  Target Server Name: localhost  Additional Information: localhost  Process Information:  Process ID:  0x218  Process Name:  C:\\Windows\\System32\\lsass.exe  Network Information:  Network Address: 192.1.2.3  Port:   62744  This event is generated when a process attempts to log on an account by explicitly specifying that account’s credentials.  This most commonly occurs in batch-type configurations such as scheduled tasks, or when using the RUNAS command.</test_message>
                <!-- Event ID -->
                <test_value name="i0">4648</test_value>
                <!-- Source Name -->
                <test_value name="s0">SERVER01.contoso.com</test_value>
                <!-- User -->
                <test_value name="s1">bsmith</test_value>
                <!-- User Domain -->
                <test_value name="s2">CONTOSO</test_value>
                <!-- Source IP -->
                <test_value name="i1">192.1.2.3</test_value>
            </example>
            <example>
                <test_message program="ossec_archive">2015 Jul 09 16:31:36 (SERVER01) 10.1.2.3->WinEvtLog 2015 Jul 09 10:31:32 WinEvtLog: Security: AUDIT_SUCCESS(4656): Microsoft-Windows-Security-Auditing: (no user): no domain: SERVER01.contoso.com: A handle to an object was requested. Subject:  Security ID:  S-1-5-18  Account Name:  SERVER01$  Account Domain:  CONTOSO  Logon ID:  0x3e7  Object:  Object Server:  Security  Object Type:  File  Object Name:  \\Device\\Floppy0  Handle ID:  0x280  Process Information:  Process ID:  0  Process Name:  0xbac  Access Request Information:  Transaction ID:  {00000000-0000-0000-0000-000000000000}  Accesses:  %%1538  ||||%%1541  ||||%%4416  ||||%%4419  ||||%%4423  ||||  Access Mask:  -  Privileges Used for Access Check: 0x120089  Restricted SID Count: -</test_message>
                <!-- Event ID -->
                <test_value name="i0">4656</test_value>
                <!-- Source Name -->
                <test_value name="s0">SERVER01.contoso.com</test_value>
                <!-- User -->
                <test_value name="s1">SERVER01$</test_value>
                <!-- User Domain -->
                <test_value name="s2">CONTOSO</test_value>
            </example>
            <example>
                <test_message program="ossec_archive">2015 Jul 06 09:11:55 (SERVER01) 10.1.2.3->WinEvtLog 2015 Jul 06 11:11:51 WinEvtLog: Security: AUDIT_SUCCESS(5145): Microsoft-Windows-Security-Auditing: (no user): no domain: SERVER01.contoso.com: S-1-5-21-1202660629-2052111302-682003330-36208 BSmith CONTOSO 0xd07fc77 File ::1 53216 \\\\*\\share1$ \\??\\E:\\shared stuff\\this\\stuff.doc 0x120089 %%1538</test_message>
                <!-- Event ID -->
                <test_value name="i0">5145</test_value>
                <!-- Source Name -->
                <test_value name="s0">SERVER01.contoso.com</test_value>
                <!-- User -->
                <test_value name="s1">BSmith</test_value>
                <!-- User Domain -->
                <test_value name="s2">CONTOSO</test_value>
                <!-- Share name -->
                <test_value name="s3">\\\\*\\share1$</test_value>
                <!-- Share path -->
                <test_value name="s4">\\??\\E:\\shared stuff\\this\\stuff.doc</test_value>
            </example>
            <example>
                <test_message program="ossec_archive">2015 Jul 06 09:11:55 (SERVER01) 10.1.2.3->WinEvtLog 2015 Jul 06 11:11:51 WinEvtLog: Security: AUDIT_SUCCESS(5145): Microsoft-Windows-Security-Auditing: (no user): no domain: SERVER01.contoso.com: S-1-5-21-1202660629-2052111302-682003330-36208 BSmith CONTOSO 0xd07fc77 File 192.1.2.3 53216 \\\\*\\share1$ \\??\\E:\\shared stuff\\this\\stuff.doc 0x120089 %%1538</test_message>
                <!-- Event ID -->
                <test_value name="i0">5145</test_value>
                <!-- Source Name -->
                <test_value name="s0">SERVER01.contoso.com</test_value>
                <!-- User -->
                <test_value name="s1">BSmith</test_value>
                <!-- User Domain -->
                <test_value name="s2">CONTOSO</test_value>
                <!-- Source Network Address -->
                <test_value name="i1">192.1.2.3</test_value>
                <!-- Share name -->
                <test_value name="s3">\\\\*\\share1$</test_value>
                <!-- Share path -->
                <test_value name="s4">\\??\\E:\\shared stuff\\this\\stuff.doc</test_value>
            </example>
            <example>
                <test_message program="ossec_archive">2015 Jul 09 16:31:34 (SERVER01) 10.1.2.3->WinEvtLog 2015 Jul 09 18:31:31 WinEvtLog: Security: AUDIT_SUCCESS(4770): Microsoft-Windows-Security-Auditing: (no user): no domain: SERVER01.contoso.com: A Kerberos service ticket was renewed. Account Information:  Account Name:  bsmith@contoso.com  Account Domain:  contoso.com  Service Information:  Service Name:  krbtgt  Service ID:  S-1-5-21-1233360629-2052111302-682003330-502  Network Information:  Client Address:  192.1.2.3  Client Port:  2214  Additional Information:  Ticket Options:  0x2  Ticket Encryption Type: 0x12  Ticket options and encryption types are defined in RFC 4120.</test_message>
                <!-- Event ID -->
                <test_value name="i0">4770</test_value>
                <!-- Source Name -->
                <test_value name="s0">SERVER01.contoso.com</test_value>
                <!-- User -->
                <test_value name="s1">bsmith@contoso.com</test_value>
                <!-- User Domain -->
                <test_value name="s2">contoso.com</test_value>
                <!-- Source Network Address -->
                <test_value name="i1">192.1.2.3</test_value>
            </example>
            <example>
                <test_message program="ossec_archive">2015 Jul 09 17:31:29 (SERVER01) 10.1.2.3->WinEvtLog 2015 Jul 09 12:31:27 WinEvtLog: Security: AUDIT_SUCCESS(4738): Microsoft-Windows-Security-Auditing: (no user): no domain: SERVER01.contoso.com: A user account was changed. Subject:  Security ID:  S-1-5-7  Account Name:  ANONYMOUS LOGON  Account Domain:  NT AUTHORITY  Logon ID:  0x3e6  Target Account:  Security ID:  S-1-5-21-1433339735-357464061-2299825339-102091  Account Name:  bsmith  Account Domain:  CONTOSO  Changed Attributes:  SAM Account Name: -  Display Name:  -  User Principal Name: -  Home Directory:  -  Home Drive:  -  Script Path:  -  Profile Path:  -  User Workstations: -  Password Last Set: 7/9/2015 12:31:27 PM  Account Expires:  -  Primary Group ID: -  AllowedToDelegateTo: -  Old UAC Value:  -  New UAC Value:  -  User Account Control: -  User Parameters: -  SID History:  -  Logon Hours:  -  Additional Information:  Privileges:  -</test_message>
                <!-- Event ID -->
                <test_value name="i0">4738</test_value>
                <!-- Source Name -->
                <test_value name="s0">SERVER01.contoso.com</test_value>
                <!-- User -->
                <test_value name="s1">bsmith</test_value>
                <!-- User Domain -->
                <test_value name="s2">CONTOSO</test_value>
            </example>
            <example>
                <test_message program="ossec_archive">2015 Jul 09 16:43:11 (SERVER01) 10.1.2.3->WinEvtLog 2015 Jul 09 12:13:08 WinEvtLog: Security: AUDIT_SUCCESS(4742): Microsoft-Windows-Security-Auditing: (no user): no domain: SERVER01.contoso.com: A computer account was changed. Subject:  Security ID:  S-1-5-21-1434109735-357333061-2299825339-41471  Account Name:  bsmith  Account Domain:  CONTOSO  Logon ID:  0x1c9d8892  Computer Account That Was Changed:  Security ID:  S-1-5-21-1434109735-357333061-2299825339-90727  Account Name:  WORKSTATION01$  Account Domain:  CONTOSO  Changed Attributes:  SAM Account Name: -  Display Name:  -  User Principal Name: -  Home Directory:  -  Home Drive:  -  Script Path:  -  Profile Path:  -  User Workstations: -  Password Last Set: 7/9/2015 12:13:07 PM  Account Expires:  -  Primary Group ID: -  AllowedToDelegateTo: -  Old UAC Value:  -  New UAC Value:  -  User Account Control: -  User Parameters: -  SID History:  -  Logon Hours:  -  DNS Host Name:  WORKSTATION01.contoso.com  Service Principal Names:   ||HOST/WORKSTATION01.contoso.com  ||RestrictedKrbHost/WORKSTATION01.contoso.com  ||HOST/WORKSTATION01  ||RestrictedKrbHost/WORKSTATION01  Additional Information:  Privileges:  -</test_message>
                <!-- Event ID -->
                <test_value name="i0">4742</test_value>
                <!-- Source Name -->
                <test_value name="s0">SERVER01.contoso.com</test_value>
                <!-- User -->
                <test_value name="s1">bsmith</test_value>
                <!-- User Domain -->
                <test_value name="s2">CONTOSO</test_value>
            </example>
            <example>
                <test_message program="ossec_archive">2015 Jul 09 16:31:34 (SERVER01) 10.1.2.3->WinEvtLog 2015 Jul 09 18:31:32 WinEvtLog: Security: AUDIT_SUCCESS(4769): Microsoft-Windows-Security-Auditing: bsmith@contoso.com: EU.D-RCO.COM: SERVER01.contoso.com: A Kerberos service ticket was requested. Account Information:  Account Name:  bsmith@contoso.com  Account Domain:  contoso.com  Logon GUID:  {05774B76-805E-F391-B402-4C6F56704155}  Service Information:  Service Name:  CONTOSO.COM  Service ID:  S-1-5-21-1202660629-2052111302-683453330-0  Network Information:  Client Address:  ::ffff:192.1.2.3  Client Port:  2111  Additional Information:  Ticket Options:  0x40810000  Ticket Encryption Type: 0x17  Failure Code:  0x0  Transited Services: -  This event is generated every time access is requested to a resource such as a computer or a Windows service.  The service name indicates the resource to which access was requested.</test_message>
                <!-- Event ID -->
                <test_value name="i0">4769</test_value>
                <!-- Source Name -->
                <test_value name="s0">SERVER01.contoso.com</test_value>
                <!-- User -->
                <test_value name="s1">bsmith@contoso.com</test_value>
                <!-- User Domain -->
                <test_value name="s2">contoso.com</test_value>
                <!-- Source Network Address -->
                <test_value name="i1">192.1.2.3</test_value>
            </example>
            <example>
                <test_message program="ossec_archive">2015 Jul 09 16:50:01 (SERVER01) 10.1.2.3->WinEvtLog 2015 Jul 09 11:50:00 WinEvtLog: Security: AUDIT_FAILURE(529): Security: SYSTEM: NT AUTHORITY: SERVER01: Logon Failure:    |Reason: |Unknown user name or bad password    |User Name: bsmith    |Domain: |CONTOSO    |Logon Type: 4    |Logon Process: Advapi      |Authentication Package: Negotiate    |Workstation Name: SERVER01    |Caller User Name: SERVER01$    |Caller Domain: CONTOSO    |Caller Logon ID: (0x0,0x3E7)    |Caller Process ID: 892    |Transited Services: -    |Source Network Address: 192.1.2.3    |Source Port: -    </test_message>
                <!-- Event ID-->
                <test_value name="i0">529</test_value>
                <!-- Source Name-->
                <test_value name="s0">SERVER01</test_value>
                <!-- user-->
                <test_value name="s1">bsmith</test_value>
                <!-- User Domain-->
                <test_value name="s2">CONTOSO</test_value>
                <!-- Source Network Address-->
                <test_value name="i1">192.1.2.3</test_value>
            </example>
            <example>
                <test_message program="ossec_archive">2015 Jul 09 17:11:16 (SERVER01) 10.1.2.3->WinEvtLog 2015 Jul 09 13:11:16 WinEvtLog: Security: AUDIT_SUCCESS(528): Security: bsmith: CONTOSO: SERVER01: Successful Logon:    |User Name: bsmith    |Domain: |CONTOSO    |Logon ID: |(0x0,0x7BD160D0)    |Logon Type: 10    |Logon Process: User32      |Authentication Package: Negotiate    |Workstation Name: SERVER01    |Logon GUID: {b498dd3f-589d-8e7c-2244-121599544f51}    |Caller User Name: SERVER01$    |Caller Domain: CONTOSO    |Caller Logon ID: (0x0,0x3E7)    |Caller Process ID: 9036    |Transited Services: -    |Source Network Address: 192.1.2.3    |Source Port: 53432    </test_message>
                <!-- Event ID-->
                <test_value name="i0">528</test_value>
                <!-- Source Name-->
                <test_value name="s0">SERVER01</test_value>
                <!-- user-->
                <test_value name="s1">bsmith</test_value>
                <!-- User Domain-->
                <test_value name="s2">CONTOSO</test_value>
                <!-- Source Network Address-->
                <test_value name="i1">192.1.2.3</test_value>
            </example>
            <example>
                <test_message program="ossec_archive">2015 Jul 09 16:31:35 (drolnwdc2) 10.1.2.3->WinEvtLog 2015 Jul 09 12:31:32 WinEvtLog: Security: AUDIT_SUCCESS(4624): Microsoft-Windows-Security-Auditing: bsmith: CONTOSO: SERVER01.contoso.com: An account was successfully logged on. Subject:  Security ID:  S-1-0-0  Account Name:  -  Account Domain:  -  Logon ID:  0x0  Logon Type:   3  New Logon:  Security ID:  S-1-5-21-1434133335-357464061-2299825339-78091  Account Name:  bsmith  Account Domain:  CONTOSO  Logon ID:  0x8c7c79e1  Logon GUID:  {33754E17-B333-0F6F-AAD6-E1BFEE3E6DBE}  Process Information:  Process ID:  0x0  Process Name:  -  Network Information:  Workstation Name:   Source Network Address: 192.1.2.3  Source Port:  61237  Detailed Authentication Information:  Logon Process:  Kerberos  Authentication Package: Kerberos  Transited Services: -  Package Name (NTLM only): -  Key Length:  0  This event is generated when a logon session is created. It is generated on the computer that was accessed.</test_message>
                <!-- Event ID -->
                <test_value name="i0">4624</test_value>
                <!-- Source Name -->
                <test_value name="s0">SERVER01.contoso.com</test_value>
                <!-- User -->
                <test_value name="s1">bsmith</test_value>
                <!-- User Domain -->
                <test_value name="s2">CONTOSO</test_value>
                <!-- Source Network Address -->
                <test_value name="i1">192.1.2.3</test_value>
            </example>
            <example>
                <test_message program="ossec_archive">2015 Jul 09 16:31:37 (SERVER01) 10.1.2.3->WinEvtLog 2015 Jul 09 11:31:34 WinEvtLog: Security: AUDIT_SUCCESS(4768): Microsoft-Windows-Security-Auditing: (no user): no domain: SERVER01.contoso.com: A Kerberos authentication ticket (TGT) was requested. Account Information:  Account Name:  bsmith  Supplied Realm Name: CONTOSO  User ID:   S-1-5-21-1434109735-357464061-2299825339-97083  Service Information:  Service Name:  krbtgt  Service ID:  S-1-5-21-1434109735-357464061-2299837639-502  Network Information:  Client Address:  ::ffff:192.1.2.3  Client Port:  65256  Additional Information:  Ticket Options:  0x40810010  Result Code:  0x0  Ticket Encryption Type: 0x12  Pre-Authentication Type: 2  Certificate Information:  Certificate Issuer Name:    Certificate Serial Number:   Certificate Thumbprint:    Certificate information is only provided if a certificate was used for pre-authentication.  Pre-authentication types, ticket options, encryption types and result codes are defined in RFC 4120.</test_message>
                <!-- Event ID -->
                <test_value name="i0">4768</test_value>
                <!-- Source Name -->
                <test_value name="s0">SERVER01.contoso.com</test_value>
                <!-- User -->
                <test_value name="s1">bsmith</test_value>
                <!-- User Domain -->
                <test_value name="s2">CONTOSO</test_value>
                <!-- Source Network Address -->
                <test_value name="i1">192.1.2.3</test_value>
            </example>
            <example>
                <test_message program="ossec_archive">2015 Jul 09 16:31:37 (SERVER01) 10.1.2.3->WinEvtLog 2015 Jul 09 13:33:52 WinEvtLog: Security: AUDIT_SUCCESS(673): Security: SYSTEM: NT AUTHORITY: SERVER01: Service Ticket Request:    |User Name: |bsmith@contoso.com    |User Domain: |contoso.com    |Service Name: |TEST$    |Service ID: |%{S-1-5-21-209686433-1210347603-2226485991-8004}    |Ticket Options: |0x40810000    |Ticket Encryption Type: 0x17    |Client Address: |192.1.2.3    |Failure Code: |-    |Logon GUID: |{dec9dac4-9930-8dff-2d75-27a7100037aa}    |Transited Services: -          </test_message>
                <!-- Event ID -->
                <test_value name="i0">673</test_value>
                <!-- Source Name -->
                <test_value name="s0">SERVER01</test_value>
                <!-- User -->
                <test_value name="s1">bsmith@contoso.com</test_value>
                <!-- User Domain -->
                <test_value name="s2">contoso.com</test_value>
                <!-- Source Network Address -->
                <test_value name="i1">192.1.2.3</test_value>
            </example>
            <example>
                <test_message program="ossec_archive">2015 Jul 09 16:31:34 (SERVER01) 10.1.2.3->WinEvtLog 2015 Jul 09 18:31:30 WinEvtLog: Security: AUDIT_FAILURE(4771): Microsoft-Windows-Security-Auditing: (no user): no domain: SERVER01.contoso.com: Kerberos pre-authentication failed. Account Information:  Security ID:  S-1-5-21-1063978684-905172004-2179356134-4512  Account Name:  bsmith  Service Information:  Service Name:  krbtgt/CONTOSO.COM  Network Information:  Client Address:  ::ffff:192.1.2.3  Client Port:  57911  Additional Information:  Ticket Options:  0x40810010  Failure Code:  0x12  Pre-Authentication Type: 0  Certificate Information:  Certificate Issuer Name:    Certificate Serial Number:    Certificate Thumbprint:    Certificate information is only provided if a certificate was used for pre-authentication.  Pre-authentication types, ticket options and failure codes are defined in RFC 4120.  If the ticket was malformed or damaged during transit and could not be decrypted, then many fields in this event might not be present.</test_message>
                <!-- Event ID -->
                <test_value name="i0">4771</test_value>
                <!-- Source Name -->
                <test_value name="s0">SERVER01.contoso.com</test_value>
                <!-- User -->
                <test_value name="s1">bsmith</test_value>
                <!-- Source Network Address -->
                <test_value name="i1">192.1.2.3</test_value>
            </example>
            <example>
                <test_message program="ossec_archive">2015 Nov 03 19:57:04 (SERVER01) 10.1.1.1->WinEvtLog 2015 Nov 03 14:57:03 WinEvtLog: Security: AUDIT_FAILURE(4776): Microsoft-Windows-Security-Auditing: (no user): no domain: SERVER01.contoso.com: The domain controller attempted to validate the credentials for an account. Authentication Package: MICROSOFT_AUTHENTICATION_PACKAGE_V1_0 Logon Account: ttest Source Workstation: WORK01 Error Code: 0xc0000064</test_message>
                <!-- Event ID -->
                <test_value name="i0">4776</test_value>
                <!-- Source Name -->
                <test_value name="s0">WORK01</test_value>
                <!-- User -->
                <test_value name="s1">ttest</test_value>
            </example>
        </examples>
    </rule>
</rules>
</ruleset>
